# JRE version: OpenJDK Runtime Environment Temurin-17.0.8+7 (17.0.8+7) (build 17.0.8+7)
# Java VM: OpenJDK 64-Bit Server VM Temurin-17.0.8+7 (17.0.8+7, mixed mode, emulated-client, sharing, tiered, compressed oops, compressed class ptrs, g1 gc, windows-amd64)
GC Precious Log:
 CPUs: 8 total, 8 available
 Memory: 7985M
 Large Page Support: Disabled
 NUMA Support: Disabled
 Compressed Oops: Enabled (32-bit)
 Heap Region Size: 1M
 Heap Min Capacity: 8M
 Heap Initial Capacity: 126M
 Heap Max Capacity: 1G
 Pre-touch: Disabled
 Parallel Workers: 8
 Concurrent Workers: 2
 Concurrent Refinement Workers: 8
 Periodic GC: Disabled
Heap:
 garbage-first heap   total 286720K, used 87264K [0x00000000c0000000, 0x0000000100000000)
  region size 1024K, 1 young (1024K), 0 survivors (0K)
 Metaspace       used 69438K, committed 70464K, reserved 1114112K
  class space    used 9560K, committed 9920K, reserved 1048576K
GC Heap History (20 events):
Event: 16777.248 GC heap before
{Heap before GC invocations=1359 (full 1274):
 garbage-first heap   total 286720K, used 88288K [0x00000000c0000000, 0x0000000100000000)
  region size 1024K, 2 young (2048K), 0 survivors (0K)
 Metaspace       used 69438K, committed 70464K, reserved 1114112K
  class space    used 9560K, committed 9920K, reserved 1048576K
}
Event: 16777.288 GC heap after
{Heap after GC invocations=1360 (full 1275):
 garbage-first heap   total 286720K, used 87264K [0x00000000c0000000, 0x0000000100000000)
  region size 1024K, 0 young (0K), 0 survivors (0K)
 Metaspace       used 69438K, committed 70464K, reserved 1114112K
  class space    used 9560K, committed 9920K, reserved 1048576K
}
Event: 16787.444 GC heap before
{Heap before GC invocations=1360 (full 1275):
 garbage-first heap   total 286720K, used 87264K [0x00000000c0000000, 0x0000000100000000)
  region size 1024K, 1 young (1024K), 0 survivors (0K)
 Metaspace       used 69438K, committed 70464K, reserved 1114112K
  class space    used 9560K, committed 9920K, reserved 1048576K
}
Event: 16787.484 GC heap after
{Heap after GC invocations=1361 (full 1276):
 garbage-first heap   total 286720K, used 87264K [0x00000000c0000000, 0x0000000100000000)
  region size 1024K, 0 young (0K), 0 survivors (0K)
 Metaspace       used 69438K, committed 70464K, reserved 1114112K
  class space    used 9560K, committed 9920K, reserved 1048576K
}
Event: 16797.626 GC heap before
{Heap before GC invocations=1361 (full 1276):
 garbage-first heap   total 286720K, used 87264K [0x00000000c0000000, 0x0000000100000000)
  region size 1024K, 1 young (1024K), 0 survivors (0K)
 Metaspace       used 69438K, committed 70464K, reserved 1114112K
  class space    used 9560K, committed 9920K, reserved 1048576K
}
Event: 16797.669 GC heap after
{Heap after GC invocations=1362 (full 1277):
 garbage-first heap   total 286720K, used 87264K [0x00000000c0000000, 0x0000000100000000)
  region size 1024K, 0 young (0K), 0 survivors (0K)
 Metaspace       used 69438K, committed 70464K, reserved 1114112K
  class space    used 9560K, committed 9920K, reserved 1048576K
}
Event: 16807.807 GC heap before
{Heap before GC invocations=1362 (full 1277):
 garbage-first heap   total 286720K, used 88288K [0x00000000c0000000, 0x0000000100000000)
  region size 1024K, 2 young (2048K), 0 survivors (0K)
 Metaspace       used 69438K, committed 70464K, reserved 1114112K
  class space    used 9560K, committed 9920K, reserved 1048576K
}
Event: 16807.847 GC heap after
{Heap after GC invocations=1363 (full 1278):
 garbage-first heap   total 286720K, used 87264K [0x00000000c0000000, 0x0000000100000000)
  region size 1024K, 0 young (0K), 0 survivors (0K)
 Metaspace       used 69438K, committed 70464K, reserved 1114112K
  class space    used 9560K, committed 9920K, reserved 1048576K
}
Event: 16817.989 GC heap before
{Heap before GC invocations=1363 (full 1278):
 garbage-first heap   total 286720K, used 87264K [0x00000000c0000000, 0x0000000100000000)
  region size 1024K, 1 young (1024K), 0 survivors (0K)
 Metaspace       used 69438K, committed 70464K, reserved 1114112K
  class space    used 9560K, committed 9920K, reserved 1048576K
}
Event: 16818.029 GC heap after
{Heap after GC invocations=1364 (full 1279):
 garbage-first heap   total 286720K, used 87264K [0x00000000c0000000, 0x0000000100000000)
  region size 1024K, 0 young (0K), 0 survivors (0K)
 Metaspace       used 69438K, committed 70464K, reserved 1114112K
  class space    used 9560K, committed 9920K, reserved 1048576K
}
Event: 16828.162 GC heap before
{Heap before GC invocations=1364 (full 1279):
 garbage-first heap   total 286720K, used 87264K [0x00000000c0000000, 0x0000000100000000)
  region size 1024K, 1 young (1024K), 0 survivors (0K)
 Metaspace       used 69438K, committed 70464K, reserved 1114112K
  class space    used 9560K, committed 9920K, reserved 1048576K
}
Event: 16828.207 GC heap after
{Heap after GC invocations=1365 (full 1280):
 garbage-first heap   total 286720K, used 87264K [0x00000000c0000000, 0x0000000100000000)
  region size 1024K, 0 young (0K), 0 survivors (0K)
 Metaspace       used 69438K, committed 70464K, reserved 1114112K
  class space    used 9560K, committed 9920K, reserved 1048576K
}
Event: 16838.340 GC heap before
{Heap before GC invocations=1365 (full 1280):
 garbage-first heap   total 286720K, used 88288K [0x00000000c0000000, 0x0000000100000000)
  region size 1024K, 2 young (2048K), 0 survivors (0K)
 Metaspace       used 69438K, committed 70464K, reserved 1114112K
  class space    used 9560K, committed 9920K, reserved 1048576K
}
Event: 16838.381 GC heap after
{Heap after GC invocations=1366 (full 1281):
 garbage-first heap   total 286720K, used 87264K [0x00000000c0000000, 0x0000000100000000)
  region size 1024K, 0 young (0K), 0 survivors (0K)
 Metaspace       used 69438K, committed 70464K, reserved 1114112K
  class space    used 9560K, committed 9920K, reserved 1048576K
}
Event: 16848.524 GC heap before
{Heap before GC invocations=1366 (full 1281):
 garbage-first heap   total 286720K, used 87264K [0x00000000c0000000, 0x0000000100000000)
  region size 1024K, 1 young (1024K), 0 survivors (0K)
 Metaspace       used 69438K, committed 70464K, reserved 1114112K
  class space    used 9560K, committed 9920K, reserved 1048576K
}
Event: 16848.567 GC heap after
{Heap after GC invocations=1367 (full 1282):
 garbage-first heap   total 286720K, used 87264K [0x00000000c0000000, 0x0000000100000000)
  region size 1024K, 0 young (0K), 0 survivors (0K)
 Metaspace       used 69438K, committed 70464K, reserved 1114112K
  class space    used 9560K, committed 9920K, reserved 1048576K
}
Event: 16858.713 GC heap before
{Heap before GC invocations=1367 (full 1282):
 garbage-first heap   total 286720K, used 87264K [0x00000000c0000000, 0x0000000100000000)
  region size 1024K, 1 young (1024K), 0 survivors (0K)
 Metaspace       used 69438K, committed 70464K, reserved 1114112K
  class space    used 9560K, committed 9920K, reserved 1048576K
}
Event: 16858.751 GC heap after
{Heap after GC invocations=1368 (full 1283):
 garbage-first heap   total 286720K, used 87264K [0x00000000c0000000, 0x0000000100000000)
  region size 1024K, 0 young (0K), 0 survivors (0K)
 Metaspace       used 69438K, committed 70464K, reserved 1114112K
  class space    used 9560K, committed 9920K, reserved 1048576K
}
Event: 16868.917 GC heap before
{Heap before GC invocations=1368 (full 1283):
 garbage-first heap   total 286720K, used 88288K [0x00000000c0000000, 0x0000000100000000)
  region size 1024K, 2 young (2048K), 0 survivors (0K)
 Metaspace       used 69438K, committed 70464K, reserved 1114112K
  class space    used 9560K, committed 9920K, reserved 1048576K
}
Event: 16868.959 GC heap after
{Heap after GC invocations=1369 (full 1284):
 garbage-first heap   total 286720K, used 87264K [0x00000000c0000000, 0x0000000100000000)
  region size 1024K, 0 young (0K), 0 survivors (0K)
 Metaspace       used 69438K, committed 70464K, reserved 1114112K
  class space    used 9560K, committed 9920K, reserved 1048576K
}

